<?xml version="1.0" encoding="utf-8"?>
<!DOCTYPE coverage SYSTEM "http://cobertura.sourceforge.net/xml/coverage-04.dtd">
<coverage line-rate="0.723958333333333" branch-rate="0.622222222222222" lines-covered="139" lines-valid="192" branches-covered="28" branches-valid="45" complexity="68" version="0" timestamp="1686093615">
  <sources>
    <source>C:\Users\jeppe\</source>
  </sources>
  <packages>
    <package name="Bilvaskesystem" line-rate="0.551724137931034" branch-rate="0.622222222222222" complexity="57">
      <classes>
        <class name="Bilvaskesystem.Boundary.AfstandsSensor" filename="C:\Users\jeppe\Desktop\Bilvaskesystem\Bilvaskesystem\Boundary\AfstandsSensor.cs" line-rate="0" branch-rate="0" complexity="8">
          <methods>
            <method name="NyAfstand" signature="(...)" line-rate="0" branch-rate="0" complexity="6">
              <lines>
                <line number="15" hits="0" branch="false" />
                <line number="16" hits="0" branch="true" condition-coverage="0% (0/4)" />
                <line number="17" hits="0" branch="false" />
                <line number="18" hits="0" branch="false" />
                <line number="19" hits="0" branch="false" />
                <line number="20" hits="0" branch="false" />
                <line number="21" hits="0" branch="true" condition-coverage="0% (0/2)" />
                <line number="22" hits="0" branch="false" />
                <line number="23" hits="0" branch="false" />
                <line number="24" hits="0" branch="false" />
                <line number="25" hits="0" branch="false" />
                <line number="26" hits="0" branch="false" />
              </lines>
            </method>
            <method name="AfstandChanged" signature="(...)" line-rate="0" branch-rate="0" complexity="2">
              <lines>
                <line number="31" hits="0" branch="false" />
                <line number="32" hits="0" branch="true" condition-coverage="0% (0/2)" />
                <line number="33" hits="0" branch="false" />
              </lines>
            </method>
          </methods>
          <lines>
            <line number="15" hits="0" branch="false" />
            <line number="16" hits="0" branch="true" condition-coverage="0% (0/4)" />
            <line number="17" hits="0" branch="false" />
            <line number="18" hits="0" branch="false" />
            <line number="19" hits="0" branch="false" />
            <line number="20" hits="0" branch="false" />
            <line number="21" hits="0" branch="true" condition-coverage="0% (0/2)" />
            <line number="22" hits="0" branch="false" />
            <line number="23" hits="0" branch="false" />
            <line number="24" hits="0" branch="false" />
            <line number="25" hits="0" branch="false" />
            <line number="26" hits="0" branch="false" />
            <line number="31" hits="0" branch="false" />
            <line number="32" hits="0" branch="true" condition-coverage="0% (0/2)" />
            <line number="33" hits="0" branch="false" />
          </lines>
        </class>
        <class name="Bilvaskesystem.Boundary.PortStyring" filename="C:\Users\jeppe\Desktop\Bilvaskesystem\Bilvaskesystem\Boundary\PortStyring.cs" line-rate="0" branch-rate="1" complexity="2">
          <methods>
            <method name="LukPort" signature="()" line-rate="0" branch-rate="1" complexity="1">
              <lines>
                <line number="13" hits="0" branch="false" />
                <line number="14" hits="0" branch="false" />
                <line number="15" hits="0" branch="false" />
              </lines>
            </method>
            <method name="AabenPort" signature="()" line-rate="0" branch-rate="1" complexity="1">
              <lines>
                <line number="18" hits="0" branch="false" />
                <line number="19" hits="0" branch="false" />
                <line number="20" hits="0" branch="false" />
              </lines>
            </method>
          </methods>
          <lines>
            <line number="13" hits="0" branch="false" />
            <line number="14" hits="0" branch="false" />
            <line number="15" hits="0" branch="false" />
            <line number="18" hits="0" branch="false" />
            <line number="19" hits="0" branch="false" />
            <line number="20" hits="0" branch="false" />
          </lines>
        </class>
        <class name="Bilvaskesystem.Boundary.SkilteStyring" filename="C:\Users\jeppe\Desktop\Bilvaskesystem\Bilvaskesystem\Boundary\SkilteStyring.cs" line-rate="0" branch-rate="1" complexity="4">
          <methods>
            <method name="turnOffSkilte" signature="()" line-rate="0" branch-rate="1" complexity="1">
              <lines>
                <line number="13" hits="0" branch="false" />
                <line number="14" hits="0" branch="false" />
                <line number="15" hits="0" branch="false" />
              </lines>
            </method>
            <method name="KoerTilbage" signature="()" line-rate="0" branch-rate="1" complexity="1">
              <lines>
                <line number="17" hits="0" branch="false" />
                <line number="18" hits="0" branch="false" />
                <line number="19" hits="0" branch="false" />
                <line number="20" hits="0" branch="false" />
              </lines>
            </method>
            <method name="KoerFrem" signature="()" line-rate="0" branch-rate="1" complexity="1">
              <lines>
                <line number="23" hits="0" branch="false" />
                <line number="24" hits="0" branch="false" />
                <line number="25" hits="0" branch="false" />
                <line number="26" hits="0" branch="false" />
              </lines>
            </method>
            <method name="Stop" signature="()" line-rate="0" branch-rate="1" complexity="1">
              <lines>
                <line number="29" hits="0" branch="false" />
                <line number="30" hits="0" branch="false" />
                <line number="31" hits="0" branch="false" />
                <line number="32" hits="0" branch="false" />
              </lines>
            </method>
          </methods>
          <lines>
            <line number="13" hits="0" branch="false" />
            <line number="14" hits="0" branch="false" />
            <line number="15" hits="0" branch="false" />
            <line number="17" hits="0" branch="false" />
            <line number="18" hits="0" branch="false" />
            <line number="19" hits="0" branch="false" />
            <line number="20" hits="0" branch="false" />
            <line number="23" hits="0" branch="false" />
            <line number="24" hits="0" branch="false" />
            <line number="25" hits="0" branch="false" />
            <line number="26" hits="0" branch="false" />
            <line number="29" hits="0" branch="false" />
            <line number="30" hits="0" branch="false" />
            <line number="31" hits="0" branch="false" />
            <line number="32" hits="0" branch="false" />
          </lines>
        </class>
        <class name="Bilvaskesystem.Boundary.UserInterface" filename="C:\Users\jeppe\Desktop\Bilvaskesystem\Bilvaskesystem\Boundary\UserInterface.cs" line-rate="0" branch-rate="0" complexity="3">
          <methods>
            <method name="VælgVask" signature="(...)" line-rate="0" branch-rate="1" complexity="1">
              <lines>
                <line number="17" hits="0" branch="false" />
                <line number="18" hits="0" branch="false" />
                <line number="19" hits="0" branch="false" />
              </lines>
            </method>
            <method name="VaskValgt" signature="(...)" line-rate="0" branch-rate="0" complexity="2">
              <lines>
                <line number="22" hits="0" branch="false" />
                <line number="23" hits="0" branch="true" condition-coverage="0% (0/2)" />
                <line number="24" hits="0" branch="false" />
              </lines>
            </method>
          </methods>
          <lines>
            <line number="17" hits="0" branch="false" />
            <line number="18" hits="0" branch="false" />
            <line number="19" hits="0" branch="false" />
            <line number="22" hits="0" branch="false" />
            <line number="23" hits="0" branch="true" condition-coverage="0% (0/2)" />
            <line number="24" hits="0" branch="false" />
          </lines>
        </class>
        <class name="Bilvaskesystem.Controller.GennemfoerVask" filename="C:\Users\jeppe\Desktop\Bilvaskesystem\Bilvaskesystem\Controller\GennemførVask.cs" line-rate="0.939393939393939" branch-rate="0.848484848484849" complexity="34">
          <methods>
            <method name="GetCurrentState" signature="()" line-rate="0.5" branch-rate="0.2" complexity="5">
              <lines>
                <line number="24" hits="5" branch="false" />
                <line number="25" hits="5" branch="true" condition-coverage="20% (1/5)" />
                <line number="28" hits="0" branch="false" />
                <line number="30" hits="5" branch="false" />
                <line number="32" hits="0" branch="false" />
                <line number="34" hits="0" branch="false" />
                <line number="36" hits="0" branch="false" />
                <line number="38" hits="5" branch="false" />
              </lines>
            </method>
            <method name="HandleValgAfVask" signature="(...)" line-rate="1" branch-rate="1" complexity="2">
              <lines>
                <line number="68" hits="16" branch="false" />
                <line number="69" hits="16" branch="true" condition-coverage="100% (2/2)" />
                <line number="73" hits="16" branch="false" />
                <line number="74" hits="16" branch="false" />
                <line number="75" hits="16" branch="false" />
                <line number="76" hits="16" branch="false" />
                <line number="78" hits="16" branch="false" />
              </lines>
            </method>
            <method name="HandleVaskAfsluttet" signature="(...)" line-rate="1" branch-rate="1" complexity="2">
              <lines>
                <line number="82" hits="11" branch="false" />
                <line number="83" hits="11" branch="true" condition-coverage="100% (2/2)" />
                <line number="87" hits="11" branch="false" />
                <line number="88" hits="11" branch="false" />
                <line number="89" hits="11" branch="false" />
                <line number="90" hits="11" branch="false" />
                <line number="92" hits="11" branch="false" />
              </lines>
            </method>
            <method name="HandleNyAfstand" signature="(...)" line-rate="1" branch-rate="0.958333333333333" complexity="24">
              <lines>
                <line number="97" hits="42" branch="false" />
                <line number="98" hits="42" branch="true" condition-coverage="100% (4/4)" />
                <line number="102" hits="36" branch="true" condition-coverage="100% (4/4)" />
                <line number="103" hits="5" branch="false" />
                <line number="104" hits="5" branch="false" />
                <line number="105" hits="5" branch="false" />
                <line number="106" hits="36" branch="true" condition-coverage="100% (4/4)" />
                <line number="107" hits="21" branch="false" />
                <line number="108" hits="21" branch="false" />
                <line number="109" hits="21" branch="false" />
                <line number="110" hits="21" branch="false" />
                <line number="112" hits="15" branch="true" condition-coverage="100% (4/4)" />
                <line number="113" hits="5" branch="false" />
                <line number="114" hits="5" branch="false" />
                <line number="115" hits="5" branch="false" />
                <line number="116" hits="15" branch="true" condition-coverage="100% (2/2)" />
                <line number="117" hits="1" branch="false" />
                <line number="118" hits="1" branch="false" />
                <line number="119" hits="1" branch="false" />
                <line number="120" hits="15" branch="false" />
                <line number="123" hits="6" branch="true" condition-coverage="75% (3/4)" />
                <line number="124" hits="1" branch="false" />
                <line number="125" hits="1" branch="false" />
                <line number="126" hits="1" branch="false" />
                <line number="128" hits="6" branch="true" condition-coverage="100% (2/2)" />
                <line number="129" hits="1" branch="false" />
                <line number="130" hits="1" branch="false" />
                <line number="131" hits="1" branch="false" />
                <line number="132" hits="1" branch="false" />
                <line number="134" hits="6" branch="false" />
                <line number="137" hits="42" branch="false" />
              </lines>
            </method>
            <method name=".ctor" signature="(...)" line-rate="1" branch-rate="1" complexity="1">
              <lines>
                <line number="48" hits="36" branch="false" />
                <line number="49" hits="36" branch="false" />
                <line number="50" hits="36" branch="false" />
                <line number="51" hits="36" branch="false" />
                <line number="52" hits="36" branch="false" />
                <line number="53" hits="36" branch="false" />
                <line number="54" hits="36" branch="false" />
                <line number="55" hits="36" branch="false" />
                <line number="57" hits="36" branch="false" />
                <line number="58" hits="36" branch="false" />
                <line number="59" hits="36" branch="false" />
                <line number="61" hits="36" branch="false" />
                <line number="62" hits="36" branch="false" />
              </lines>
            </method>
          </methods>
          <lines>
            <line number="24" hits="5" branch="false" />
            <line number="25" hits="5" branch="true" condition-coverage="20% (1/5)" />
            <line number="28" hits="0" branch="false" />
            <line number="30" hits="5" branch="false" />
            <line number="32" hits="0" branch="false" />
            <line number="34" hits="0" branch="false" />
            <line number="36" hits="0" branch="false" />
            <line number="38" hits="5" branch="false" />
            <line number="48" hits="36" branch="false" />
            <line number="49" hits="36" branch="false" />
            <line number="50" hits="36" branch="false" />
            <line number="51" hits="36" branch="false" />
            <line number="52" hits="36" branch="false" />
            <line number="53" hits="36" branch="false" />
            <line number="54" hits="36" branch="false" />
            <line number="55" hits="36" branch="false" />
            <line number="57" hits="36" branch="false" />
            <line number="58" hits="36" branch="false" />
            <line number="59" hits="36" branch="false" />
            <line number="61" hits="36" branch="false" />
            <line number="62" hits="36" branch="false" />
            <line number="68" hits="16" branch="false" />
            <line number="69" hits="16" branch="true" condition-coverage="100% (2/2)" />
            <line number="73" hits="16" branch="false" />
            <line number="74" hits="16" branch="false" />
            <line number="75" hits="16" branch="false" />
            <line number="76" hits="16" branch="false" />
            <line number="78" hits="16" branch="false" />
            <line number="82" hits="11" branch="false" />
            <line number="83" hits="11" branch="true" condition-coverage="100% (2/2)" />
            <line number="87" hits="11" branch="false" />
            <line number="88" hits="11" branch="false" />
            <line number="89" hits="11" branch="false" />
            <line number="90" hits="11" branch="false" />
            <line number="92" hits="11" branch="false" />
            <line number="97" hits="42" branch="false" />
            <line number="98" hits="42" branch="true" condition-coverage="100% (4/4)" />
            <line number="102" hits="36" branch="true" condition-coverage="100% (4/4)" />
            <line number="103" hits="5" branch="false" />
            <line number="104" hits="5" branch="false" />
            <line number="105" hits="5" branch="false" />
            <line number="106" hits="36" branch="true" condition-coverage="100% (4/4)" />
            <line number="107" hits="21" branch="false" />
            <line number="108" hits="21" branch="false" />
            <line number="109" hits="21" branch="false" />
            <line number="110" hits="21" branch="false" />
            <line number="112" hits="15" branch="true" condition-coverage="100% (4/4)" />
            <line number="113" hits="5" branch="false" />
            <line number="114" hits="5" branch="false" />
            <line number="115" hits="5" branch="false" />
            <line number="116" hits="15" branch="true" condition-coverage="100% (2/2)" />
            <line number="117" hits="1" branch="false" />
            <line number="118" hits="1" branch="false" />
            <line number="119" hits="1" branch="false" />
            <line number="120" hits="15" branch="false" />
            <line number="123" hits="6" branch="true" condition-coverage="75% (3/4)" />
            <line number="124" hits="1" branch="false" />
            <line number="125" hits="1" branch="false" />
            <line number="126" hits="1" branch="false" />
            <line number="128" hits="6" branch="true" condition-coverage="100% (2/2)" />
            <line number="129" hits="1" branch="false" />
            <line number="130" hits="1" branch="false" />
            <line number="131" hits="1" branch="false" />
            <line number="132" hits="1" branch="false" />
            <line number="134" hits="6" branch="false" />
            <line number="137" hits="42" branch="false" />
          </lines>
        </class>
        <class name="Bilvaskesystem.Controller.VaskeSekvens" filename="C:\Users\jeppe\Desktop\Bilvaskesystem\Bilvaskesystem\Controller\UdførVaskeSekvens.cs" line-rate="0" branch-rate="0" complexity="3">
          <methods>
            <method name="Start" signature="(...)" line-rate="0" branch-rate="1" complexity="1">
              <lines>
                <line number="17" hits="0" branch="false" />
                <line number="18" hits="0" branch="false" />
              </lines>
            </method>
            <method name="VaskAfsluttet" signature="(...)" line-rate="0" branch-rate="0" complexity="2">
              <lines>
                <line number="21" hits="0" branch="false" />
                <line number="22" hits="0" branch="true" condition-coverage="0% (0/2)" />
                <line number="23" hits="0" branch="false" />
              </lines>
            </method>
          </methods>
          <lines>
            <line number="17" hits="0" branch="false" />
            <line number="18" hits="0" branch="false" />
            <line number="21" hits="0" branch="false" />
            <line number="22" hits="0" branch="true" condition-coverage="0% (0/2)" />
            <line number="23" hits="0" branch="false" />
          </lines>
        </class>
        <class name="Bilvaskesystem.Interfaces.AfstandChangedEventArgs" filename="C:\Users\jeppe\Desktop\Bilvaskesystem\Bilvaskesystem\Interfaces\IAfstandsSensor.cs" line-rate="1" branch-rate="1" complexity="1">
          <methods>
            <method name="get_Afstand" signature="()" line-rate="1" branch-rate="1" complexity="1">
              <lines>
                <line number="11" hits="227" branch="false" />
              </lines>
            </method>
          </methods>
          <lines>
            <line number="11" hits="227" branch="false" />
          </lines>
        </class>
        <class name="Bilvaskesystem.Interfaces.ValgAfVaskEventArgs" filename="C:\Users\jeppe\Desktop\Bilvaskesystem\Bilvaskesystem\Interfaces\IUserInterface.cs" line-rate="1" branch-rate="1" complexity="1">
          <methods>
            <method name="get_VaskType" signature="()" line-rate="1" branch-rate="1" complexity="1">
              <lines>
                <line number="11" hits="32" branch="false" />
              </lines>
            </method>
          </methods>
          <lines>
            <line number="11" hits="32" branch="false" />
          </lines>
        </class>
        <class name="Program" filename="C:\Users\jeppe\Desktop\Bilvaskesystem\Bilvaskesystem\Program.cs" line-rate="0" branch-rate="1" complexity="1">
          <methods>
            <method name="&lt;Main&gt;$" signature="(...)" line-rate="0" branch-rate="1" complexity="1">
              <lines>
                <line number="2" hits="0" branch="false" />
              </lines>
            </method>
          </methods>
          <lines>
            <line number="2" hits="0" branch="false" />
          </lines>
        </class>
      </classes>
    </package>
    <package name="Bilvaskesystem.Test.Unit" line-rate="0.986842105263158" branch-rate="1" complexity="11">
      <classes>
        <class name="AutoGeneratedProgram" filename="C:\Users\jeppe\.nuget\packages\microsoft.net.test.sdk\17.6.0\build\netcoreapp3.1\Microsoft.NET.Test.Sdk.Program.cs" line-rate="0" branch-rate="1" complexity="1">
          <methods>
            <method name="Main" signature="(...)" line-rate="0" branch-rate="1" complexity="1">
              <lines>
                <line number="4" hits="0" branch="false" />
              </lines>
            </method>
          </methods>
          <lines>
            <line number="4" hits="0" branch="false" />
          </lines>
        </class>
        <class name="Bilvaskesystem.Test.Unit.GennemførVaskTest" filename="C:\Users\jeppe\Desktop\Bilvaskesystem\Bilvaskesystem.Test.Unit\GennemførVaskTest.cs" line-rate="1" branch-rate="1" complexity="10">
          <methods>
            <method name="Setup" signature="()" line-rate="1" branch-rate="1" complexity="1">
              <lines>
                <line number="22" hits="36" branch="false" />
                <line number="23" hits="36" branch="false" />
                <line number="24" hits="36" branch="false" />
                <line number="25" hits="36" branch="false" />
                <line number="26" hits="36" branch="false" />
                <line number="27" hits="36" branch="false" />
                <line number="28" hits="36" branch="false" />
                <line number="29" hits="36" branch="false" />
              </lines>
            </method>
            <method name="TestTilstandLedigKørTilbage" signature="(...)" line-rate="1" branch-rate="1" complexity="1">
              <lines>
                <line number="38" hits="5" branch="false" />
                <line number="41" hits="5" branch="false" />
                <line number="43" hits="5" branch="false" />
                <line number="44" hits="5" branch="false" />
                <line number="45" hits="5" branch="false" />
                <line number="47" hits="5" branch="false" />
              </lines>
            </method>
            <method name="TestTilstandLedigKørFrem" signature="(...)" line-rate="1" branch-rate="1" complexity="1">
              <lines>
                <line number="55" hits="5" branch="false" />
                <line number="58" hits="5" branch="false" />
                <line number="60" hits="5" branch="false" />
                <line number="61" hits="5" branch="false" />
                <line number="62" hits="5" branch="false" />
                <line number="63" hits="5" branch="false" />
              </lines>
            </method>
            <method name="TestTilstandLedigStop" signature="(...)" line-rate="1" branch-rate="1" complexity="1">
              <lines>
                <line number="70" hits="5" branch="false" />
                <line number="73" hits="5" branch="false" />
                <line number="78" hits="5" branch="false" />
                <line number="79" hits="5" branch="false" />
                <line number="81" hits="5" branch="false" />
              </lines>
            </method>
            <method name="TestTilstandLedigTilUdkørselKørTilbage" signature="(...)" line-rate="1" branch-rate="1" complexity="1">
              <lines>
                <line number="89" hits="5" branch="false" />
                <line number="92" hits="5" branch="false" />
                <line number="93" hits="5" branch="false" />
                <line number="94" hits="5" branch="false" />
                <line number="95" hits="5" branch="false" />
                <line number="96" hits="5" branch="false" />
                <line number="99" hits="5" branch="false" />
                <line number="100" hits="5" branch="false" />
                <line number="101" hits="5" branch="false" />
                <line number="102" hits="5" branch="false" />
                <line number="103" hits="5" branch="false" />
              </lines>
            </method>
            <method name="TestTilstandLedigTilUdkørselTilLedig" signature="(...)" line-rate="1" branch-rate="1" complexity="1">
              <lines>
                <line number="108" hits="1" branch="false" />
                <line number="111" hits="1" branch="false" />
                <line number="112" hits="1" branch="false" />
                <line number="113" hits="1" branch="false" />
                <line number="114" hits="1" branch="false" />
                <line number="117" hits="1" branch="false" />
                <line number="118" hits="1" branch="false" />
                <line number="119" hits="1" branch="false" />
                <line number="120" hits="1" branch="false" />
                <line number="121" hits="1" branch="false" />
              </lines>
            </method>
            <method name="TestTilstandLedigTilKlarTilVaskOgVask" signature="(...)" line-rate="1" branch-rate="1" complexity="1">
              <lines>
                <line number="129" hits="5" branch="false" />
                <line number="132" hits="5" branch="false" />
                <line number="133" hits="5" branch="false" />
                <line number="137" hits="5" branch="false" />
                <line number="138" hits="5" branch="false" />
                <line number="139" hits="5" branch="false" />
                <line number="140" hits="5" branch="false" />
                <line number="141" hits="5" branch="false" />
              </lines>
            </method>
            <method name="TestTilstandLedigTilUdkoersel" signature="(...)" line-rate="1" branch-rate="1" complexity="1">
              <lines>
                <line number="149" hits="5" branch="false" />
                <line number="152" hits="5" branch="false" />
                <line number="153" hits="5" branch="false" />
                <line number="154" hits="5" branch="false" />
                <line number="157" hits="5" branch="false" />
                <line number="158" hits="5" branch="false" />
                <line number="159" hits="5" branch="false" />
                <line number="160" hits="5" branch="false" />
                <line number="161" hits="5" branch="false" />
              </lines>
            </method>
            <method name="TestAfstandUdenforRækkeViddeRigtigVærdi" signature="(...)" line-rate="1" branch-rate="1" complexity="1">
              <lines>
                <line number="165" hits="1" branch="false" />
                <line number="168" hits="1" branch="false" />
                <line number="170" hits="1" branch="false" />
                <line number="171" hits="1" branch="false" />
                <line number="172" hits="1" branch="false" />
                <line number="173" hits="1" branch="false" />
              </lines>
            </method>
            <method name="TestAfstandUdenforRækkeViddeForkertVærdi" signature="(...)" line-rate="1" branch-rate="1" complexity="1">
              <lines>
                <line number="180" hits="4" branch="false" />
                <line number="183" hits="4" branch="false" />
                <line number="185" hits="4" branch="false" />
                <line number="186" hits="4" branch="false" />
                <line number="187" hits="4" branch="false" />
                <line number="188" hits="4" branch="false" />
              </lines>
            </method>
          </methods>
          <lines>
            <line number="22" hits="36" branch="false" />
            <line number="23" hits="36" branch="false" />
            <line number="24" hits="36" branch="false" />
            <line number="25" hits="36" branch="false" />
            <line number="26" hits="36" branch="false" />
            <line number="27" hits="36" branch="false" />
            <line number="28" hits="36" branch="false" />
            <line number="29" hits="36" branch="false" />
            <line number="38" hits="5" branch="false" />
            <line number="41" hits="5" branch="false" />
            <line number="43" hits="5" branch="false" />
            <line number="44" hits="5" branch="false" />
            <line number="45" hits="5" branch="false" />
            <line number="47" hits="5" branch="false" />
            <line number="55" hits="5" branch="false" />
            <line number="58" hits="5" branch="false" />
            <line number="60" hits="5" branch="false" />
            <line number="61" hits="5" branch="false" />
            <line number="62" hits="5" branch="false" />
            <line number="63" hits="5" branch="false" />
            <line number="70" hits="5" branch="false" />
            <line number="73" hits="5" branch="false" />
            <line number="78" hits="5" branch="false" />
            <line number="79" hits="5" branch="false" />
            <line number="81" hits="5" branch="false" />
            <line number="89" hits="5" branch="false" />
            <line number="92" hits="5" branch="false" />
            <line number="93" hits="5" branch="false" />
            <line number="94" hits="5" branch="false" />
            <line number="95" hits="5" branch="false" />
            <line number="96" hits="5" branch="false" />
            <line number="99" hits="5" branch="false" />
            <line number="100" hits="5" branch="false" />
            <line number="101" hits="5" branch="false" />
            <line number="102" hits="5" branch="false" />
            <line number="103" hits="5" branch="false" />
            <line number="108" hits="1" branch="false" />
            <line number="111" hits="1" branch="false" />
            <line number="112" hits="1" branch="false" />
            <line number="113" hits="1" branch="false" />
            <line number="114" hits="1" branch="false" />
            <line number="117" hits="1" branch="false" />
            <line number="118" hits="1" branch="false" />
            <line number="119" hits="1" branch="false" />
            <line number="120" hits="1" branch="false" />
            <line number="121" hits="1" branch="false" />
            <line number="129" hits="5" branch="false" />
            <line number="132" hits="5" branch="false" />
            <line number="133" hits="5" branch="false" />
            <line number="137" hits="5" branch="false" />
            <line number="138" hits="5" branch="false" />
            <line number="139" hits="5" branch="false" />
            <line number="140" hits="5" branch="false" />
            <line number="141" hits="5" branch="false" />
            <line number="149" hits="5" branch="false" />
            <line number="152" hits="5" branch="false" />
            <line number="153" hits="5" branch="false" />
            <line number="154" hits="5" branch="false" />
            <line number="157" hits="5" branch="false" />
            <line number="158" hits="5" branch="false" />
            <line number="159" hits="5" branch="false" />
            <line number="160" hits="5" branch="false" />
            <line number="161" hits="5" branch="false" />
            <line number="165" hits="1" branch="false" />
            <line number="168" hits="1" branch="false" />
            <line number="170" hits="1" branch="false" />
            <line number="171" hits="1" branch="false" />
            <line number="172" hits="1" branch="false" />
            <line number="173" hits="1" branch="false" />
            <line number="180" hits="4" branch="false" />
            <line number="183" hits="4" branch="false" />
            <line number="185" hits="4" branch="false" />
            <line number="186" hits="4" branch="false" />
            <line number="187" hits="4" branch="false" />
            <line number="188" hits="4" branch="false" />
          </lines>
        </class>
      </classes>
    </package>
  </packages>
</coverage>